<?xml version="1.0" encoding="UTF-8"?>
<coverage generated="1780049728472" clover="3.2.0">
  <project timestamp="1780049728472" name="All files">
    <metrics statements="109" coveredstatements="90" conditionals="32" coveredconditionals="17" methods="41" coveredmethods="34" elements="182" coveredelements="141" complexity="0" loc="109" ncloc="109" packages="7" files="12" classes="12"/>
    <package name="src">
      <metrics statements="12" coveredstatements="12" conditionals="4" coveredconditionals="3" methods="4" coveredmethods="4"/>
      <file name="App.jsx" path="C:\Users\naseeha.t\Documents\Tasks\6-task-cart-commander\frontend\src\App.jsx">
        <metrics statements="12" coveredstatements="12" conditionals="4" coveredconditionals="3" methods="4" coveredmethods="4"/>
        <line num="12" count="12" type="stmt"/>
        <line num="13" count="44" type="stmt"/>
        <line num="15" count="12" type="stmt"/>
        <line num="18" count="12" type="stmt"/>
        <line num="19" count="4" type="stmt"/>
        <line num="23" count="12" type="stmt"/>
        <line num="24" count="12" type="cond" truecount="2" falsecount="0"/>
        <line num="25" count="4" type="stmt"/>
        <line num="26" count="4" type="stmt"/>
        <line num="29" count="8" type="cond" truecount="1" falsecount="1"/>
        <line num="30" count="8" type="stmt"/>
        <line num="35" count="12" type="stmt"/>
      </file>
    </package>
    <package name="src.app">
      <metrics statements="1" coveredstatements="1" conditionals="0" coveredconditionals="0" methods="0" coveredmethods="0"/>
      <file name="store.js" path="C:\Users\naseeha.t\Documents\Tasks\6-task-cart-commander\frontend\src\app\store.js">
        <metrics statements="1" coveredstatements="1" conditionals="0" coveredconditionals="0" methods="0" coveredmethods="0"/>
        <line num="5" count="2" type="stmt"/>
      </file>
    </package>
    <package name="src.components.Cart">
      <metrics statements="9" coveredstatements="8" conditionals="0" coveredconditionals="0" methods="8" coveredmethods="7"/>
      <file name="Cart.jsx" path="C:\Users\naseeha.t\Documents\Tasks\6-task-cart-commander\frontend\src\components\Cart\Cart.jsx">
        <metrics statements="4" coveredstatements="4" conditionals="0" coveredconditionals="0" methods="4" coveredmethods="4"/>
        <line num="5" count="44" type="stmt"/>
        <line num="6" count="44" type="stmt"/>
        <line num="8" count="12" type="stmt"/>
        <line num="13" count="7" type="stmt"/>
      </file>
      <file name="CartItem.jsx" path="C:\Users\naseeha.t\Documents\Tasks\6-task-cart-commander\frontend\src\components\Cart\CartItem.jsx">
        <metrics statements="5" coveredstatements="4" conditionals="0" coveredconditionals="0" methods="4" coveredmethods="3"/>
        <line num="5" count="7" type="stmt"/>
        <line num="7" count="7" type="stmt"/>
        <line num="13" count="1" type="stmt"/>
        <line num="14" count="2" type="stmt"/>
        <line num="15" count="0" type="stmt"/>
      </file>
    </package>
    <package name="src.components.Products">
      <metrics statements="7" coveredstatements="7" conditionals="0" coveredconditionals="0" methods="4" coveredmethods="4"/>
      <file name="ProductItem.jsx" path="C:\Users\naseeha.t\Documents\Tasks\6-task-cart-commander\frontend\src\components\Products\ProductItem.jsx">
        <metrics statements="4" coveredstatements="4" conditionals="0" coveredconditionals="0" methods="2" coveredmethods="2"/>
        <line num="5" count="37" type="stmt"/>
        <line num="7" count="37" type="stmt"/>
        <line num="8" count="6" type="stmt"/>
        <line num="11" count="37" type="stmt"/>
      </file>
      <file name="ProductList.jsx" path="C:\Users\naseeha.t\Documents\Tasks\6-task-cart-commander\frontend\src\components\Products\ProductList.jsx">
        <metrics statements="2" coveredstatements="2" conditionals="0" coveredconditionals="0" methods="2" coveredmethods="2"/>
        <line num="5" count="12" type="stmt"/>
        <line num="8" count="36" type="stmt"/>
      </file>
      <file name="productsData.js" path="C:\Users\naseeha.t\Documents\Tasks\6-task-cart-commander\frontend\src\components\Products\productsData.js">
        <metrics statements="1" coveredstatements="1" conditionals="0" coveredconditionals="0" methods="0" coveredmethods="0"/>
        <line num="1" count="1" type="stmt"/>
      </file>
    </package>
    <package name="src.components.UI">
      <metrics statements="17" coveredstatements="16" conditionals="8" coveredconditionals="8" methods="7" coveredmethods="6"/>
      <file name="Navbar.jsx" path="C:\Users\naseeha.t\Documents\Tasks\6-task-cart-commander\frontend\src\components\UI\Navbar.jsx">
        <metrics statements="2" coveredstatements="2" conditionals="0" coveredconditionals="0" methods="2" coveredmethods="2"/>
        <line num="4" count="44" type="stmt"/>
        <line num="6" count="12" type="stmt"/>
      </file>
      <file name="Notification.jsx" path="C:\Users\naseeha.t\Documents\Tasks\6-task-cart-commander\frontend\src\components\UI\Notification.jsx">
        <metrics statements="15" coveredstatements="14" conditionals="8" coveredconditionals="8" methods="5" coveredmethods="4"/>
        <line num="7" count="66" type="stmt"/>
        <line num="8" count="33" type="stmt"/>
        <line num="10" count="33" type="stmt"/>
        <line num="11" count="5" type="stmt"/>
        <line num="12" count="0" type="stmt"/>
        <line num="15" count="5" type="stmt"/>
        <line num="18" count="33" type="cond" truecount="2" falsecount="0"/>
        <line num="20" count="29" type="stmt"/>
        <line num="22" count="29" type="cond" truecount="2" falsecount="0"/>
        <line num="23" count="8" type="stmt"/>
        <line num="26" count="29" type="cond" truecount="2" falsecount="0"/>
        <line num="27" count="1" type="stmt"/>
        <line num="30" count="29" type="cond" truecount="2" falsecount="0"/>
        <line num="31" count="20" type="stmt"/>
        <line num="34" count="29" type="stmt"/>
      </file>
    </package>
    <package name="src.features.cart">
      <metrics statements="58" coveredstatements="41" conditionals="20" coveredconditionals="6" methods="16" coveredmethods="11"/>
      <file name="cartSlice.js" path="C:\Users\naseeha.t\Documents\Tasks\6-task-cart-commander\frontend\src\features\cart\cartSlice.js">
        <metrics statements="35" coveredstatements="23" conditionals="12" coveredconditionals="5" methods="10" coveredmethods="5"/>
        <line num="3" count="5" type="stmt"/>
        <line num="10" count="5" type="stmt"/>
        <line num="15" count="8" type="stmt"/>
        <line num="16" count="8" type="stmt"/>
        <line num="17" count="2" type="stmt"/>
        <line num="20" count="8" type="stmt"/>
        <line num="22" count="8" type="cond" truecount="2" falsecount="0"/>
        <line num="23" count="6" type="stmt"/>
        <line num="31" count="2" type="stmt"/>
        <line num="32" count="2" type="stmt"/>
        <line num="35" count="8" type="stmt"/>
        <line num="36" count="8" type="stmt"/>
        <line num="40" count="3" type="stmt"/>
        <line num="41" count="3" type="stmt"/>
        <line num="43" count="3" type="cond" truecount="1" falsecount="1"/>
        <line num="45" count="3" type="stmt"/>
        <line num="47" count="3" type="cond" truecount="2" falsecount="0"/>
        <line num="48" count="1" type="stmt"/>
        <line num="50" count="2" type="stmt"/>
        <line num="51" count="2" type="stmt"/>
        <line num="54" count="3" type="stmt"/>
        <line num="55" count="3" type="stmt"/>
        <line num="59" count="0" type="stmt"/>
        <line num="60" count="0" type="stmt"/>
        <line num="62" count="0" type="cond" truecount="0" falsecount="2"/>
        <line num="64" count="0" type="stmt"/>
        <line num="65" count="0" type="stmt"/>
        <line num="67" count="0" type="stmt"/>
        <line num="68" count="0" type="stmt"/>
        <line num="72" count="0" type="cond" truecount="0" falsecount="2"/>
        <line num="73" count="0" type="cond" truecount="0" falsecount="2"/>
        <line num="75" count="0" type="stmt"/>
        <line num="76" count="0" type="stmt"/>
        <line num="80" count="0" type="stmt"/>
        <line num="85" count="5" type="stmt"/>
      </file>
      <file name="cartThunks.js" path="C:\Users\naseeha.t\Documents\Tasks\6-task-cart-commander\frontend\src\features\cart\cartThunks.js">
        <metrics statements="23" coveredstatements="18" conditionals="8" coveredconditionals="1" methods="6" coveredmethods="6"/>
        <line num="5" count="2" type="stmt"/>
        <line num="8" count="2" type="stmt"/>
        <line num="9" count="4" type="stmt"/>
        <line num="10" count="4" type="stmt"/>
        <line num="11" count="4" type="stmt"/>
        <line num="13" count="0" type="cond" truecount="0" falsecount="2"/>
        <line num="14" count="0" type="stmt"/>
        <line num="17" count="0" type="stmt"/>
        <line num="20" count="4" type="stmt"/>
        <line num="21" count="4" type="stmt"/>
        <line num="23" count="0" type="stmt"/>
        <line num="31" count="4" type="stmt"/>
        <line num="41" count="2" type="stmt"/>
        <line num="42" count="10" type="stmt"/>
        <line num="44" count="10" type="stmt"/>
        <line num="51" count="10" type="stmt"/>
        <line num="52" count="10" type="stmt"/>
        <line num="63" count="1" type="cond" truecount="1" falsecount="1"/>
        <line num="64" count="0" type="stmt"/>
        <line num="68" count="10" type="stmt"/>
        <line num="69" count="10" type="stmt"/>
        <line num="71" count="1" type="stmt"/>
        <line num="79" count="9" type="stmt"/>
      </file>
    </package>
    <package name="src.features.ui">
      <metrics statements="5" coveredstatements="5" conditionals="0" coveredconditionals="0" methods="2" coveredmethods="2"/>
      <file name="uiSlice.js" path="C:\Users\naseeha.t\Documents\Tasks\6-task-cart-commander\frontend\src\features\ui\uiSlice.js">
        <metrics statements="5" coveredstatements="5" conditionals="0" coveredconditionals="0" methods="2" coveredmethods="2"/>
        <line num="3" count="5" type="stmt"/>
        <line num="7" count="5" type="stmt"/>
        <line num="12" count="22" type="stmt"/>
        <line num="19" count="1" type="stmt"/>
        <line num="24" count="5" type="stmt"/>
      </file>
    </package>
  </project>
</coverage>
