{"C:\\Users\\naseeha.t\\Documents\\Tasks\\6-task-cart-commander\\frontend\\src\\App.jsx": {"path":"C:\\Users\\naseeha.t\\Documents\\Tasks\\6-task-cart-commander\\frontend\\src\\App.jsx","statementMap":{"0":{"start":{"line":12,"column":19},"end":{"line":12,"column":32}},"1":{"start":{"line":13,"column":15},"end":{"line":13,"column":47}},"2":{"start":{"line":13,"column":36},"end":{"line":13,"column":46}},"3":{"start":{"line":15,"column":20},"end":{"line":15,"column":32}},"4":{"start":{"line":18,"column":2},"end":{"line":20,"column":17}},"5":{"start":{"line":19,"column":4},"end":{"line":19,"column":30}},"6":{"start":{"line":23,"column":2},"end":{"line":33,"column":23}},"7":{"start":{"line":24,"column":4},"end":{"line":27,"column":5}},"8":{"start":{"line":25,"column":6},"end":{"line":25,"column":32}},"9":{"start":{"line":26,"column":6},"end":{"line":26,"column":13}},"10":{"start":{"line":29,"column":4},"end":{"line":31,"column":5}},"11":{"start":{"line":30,"column":6},"end":{"line":30,"column":35}},"12":{"start":{"line":35,"column":2},"end":{"line":42,"column":4}}},"fnMap":{"0":{"name":"App","decl":{"start":{"line":11,"column":9},"end":{"line":11,"column":12}},"loc":{"start":{"line":11,"column":15},"end":{"line":43,"column":1}},"line":11},"1":{"name":"(anonymous_1)","decl":{"start":{"line":13,"column":27},"end":{"line":13,"column":28}},"loc":{"start":{"line":13,"column":36},"end":{"line":13,"column":46}},"line":13},"2":{"name":"(anonymous_2)","decl":{"start":{"line":18,"column":12},"end":{"line":18,"column":13}},"loc":{"start":{"line":18,"column":18},"end":{"line":20,"column":3}},"line":18},"3":{"name":"(anonymous_3)","decl":{"start":{"line":23,"column":12},"end":{"line":23,"column":13}},"loc":{"start":{"line":23,"column":18},"end":{"line":33,"column":3}},"line":23}},"branchMap":{"0":{"loc":{"start":{"line":24,"column":4},"end":{"line":27,"column":5}},"type":"if","locations":[{"start":{"line":24,"column":4},"end":{"line":27,"column":5}},{"start":{},"end":{}}],"line":24},"1":{"loc":{"start":{"line":29,"column":4},"end":{"line":31,"column":5}},"type":"if","locations":[{"start":{"line":29,"column":4},"end":{"line":31,"column":5}},{"start":{},"end":{}}],"line":29}},"s":{"0":12,"1":12,"2":44,"3":12,"4":12,"5":4,"6":12,"7":12,"8":4,"9":4,"10":8,"11":8,"12":12},"f":{"0":12,"1":44,"2":4,"3":12},"b":{"0":[4,8],"1":[8,0]},"_coverageSchema":"1a1c01bbd47fc00a2c39e90264f33305004495a9","hash":"2b997d41fb35c56ff7f69636337c4fc0669ca7c6"}
,"C:\\Users\\naseeha.t\\Documents\\Tasks\\6-task-cart-commander\\frontend\\src\\app\\store.js": {"path":"C:\\Users\\naseeha.t\\Documents\\Tasks\\6-task-cart-commander\\frontend\\src\\app\\store.js","statementMap":{"0":{"start":{"line":5,"column":14},"end":{"line":10,"column":2}}},"fnMap":{},"branchMap":{},"s":{"0":2},"f":{},"b":{},"_coverageSchema":"1a1c01bbd47fc00a2c39e90264f33305004495a9","hash":"7b37fd4363e967d72b55ca9e240acdf1a46a257c"}
,"C:\\Users\\naseeha.t\\Documents\\Tasks\\6-task-cart-commander\\frontend\\src\\components\\Cart\\Cart.jsx": {"path":"C:\\Users\\naseeha.t\\Documents\\Tasks\\6-task-cart-commander\\frontend\\src\\components\\Cart\\Cart.jsx","statementMap":{"0":{"start":{"line":5,"column":16},"end":{"line":5,"column":54}},"1":{"start":{"line":5,"column":37},"end":{"line":5,"column":53}},"2":{"start":{"line":6,"column":21},"end":{"line":6,"column":64}},"3":{"start":{"line":6,"column":42},"end":{"line":6,"column":63}},"4":{"start":{"line":8,"column":2},"end":{"line":18,"column":4}},"5":{"start":{"line":13,"column":8},"end":{"line":13,"column":46}}},"fnMap":{"0":{"name":"Cart","decl":{"start":{"line":4,"column":9},"end":{"line":4,"column":13}},"loc":{"start":{"line":4,"column":16},"end":{"line":19,"column":1}},"line":4},"1":{"name":"(anonymous_1)","decl":{"start":{"line":5,"column":28},"end":{"line":5,"column":29}},"loc":{"start":{"line":5,"column":37},"end":{"line":5,"column":53}},"line":5},"2":{"name":"(anonymous_2)","decl":{"start":{"line":6,"column":33},"end":{"line":6,"column":34}},"loc":{"start":{"line":6,"column":42},"end":{"line":6,"column":63}},"line":6},"3":{"name":"(anonymous_3)","decl":{"start":{"line":12,"column":17},"end":{"line":12,"column":18}},"loc":{"start":{"line":13,"column":8},"end":{"line":13,"column":46}},"line":13}},"branchMap":{},"s":{"0":12,"1":44,"2":12,"3":44,"4":12,"5":7},"f":{"0":12,"1":44,"2":44,"3":7},"b":{},"_coverageSchema":"1a1c01bbd47fc00a2c39e90264f33305004495a9","hash":"a14643df1c105a390b062f6c503e141fe5ea2331"}
,"C:\\Users\\naseeha.t\\Documents\\Tasks\\6-task-cart-commander\\frontend\\src\\components\\Cart\\CartItem.jsx": {"path":"C:\\Users\\naseeha.t\\Documents\\Tasks\\6-task-cart-commander\\frontend\\src\\components\\Cart\\CartItem.jsx","statementMap":{"0":{"start":{"line":5,"column":19},"end":{"line":5,"column":32}},"1":{"start":{"line":7,"column":2},"end":{"line":19,"column":4}},"2":{"start":{"line":13,"column":29},"end":{"line":13,"column":64}},"3":{"start":{"line":14,"column":29},"end":{"line":14,"column":70}},"4":{"start":{"line":15,"column":29},"end":{"line":15,"column":70}}},"fnMap":{"0":{"name":"CartItem","decl":{"start":{"line":4,"column":9},"end":{"line":4,"column":17}},"loc":{"start":{"line":4,"column":28},"end":{"line":20,"column":1}},"line":4},"1":{"name":"(anonymous_1)","decl":{"start":{"line":13,"column":23},"end":{"line":13,"column":24}},"loc":{"start":{"line":13,"column":29},"end":{"line":13,"column":64}},"line":13},"2":{"name":"(anonymous_2)","decl":{"start":{"line":14,"column":23},"end":{"line":14,"column":24}},"loc":{"start":{"line":14,"column":29},"end":{"line":14,"column":70}},"line":14},"3":{"name":"(anonymous_3)","decl":{"start":{"line":15,"column":23},"end":{"line":15,"column":24}},"loc":{"start":{"line":15,"column":29},"end":{"line":15,"column":70}},"line":15}},"branchMap":{},"s":{"0":7,"1":7,"2":1,"3":2,"4":0},"f":{"0":7,"1":1,"2":2,"3":0},"b":{},"_coverageSchema":"1a1c01bbd47fc00a2c39e90264f33305004495a9","hash":"f9cc4db3b40d64745aa3ee37cbc10e6a1b6c1371"}
,"C:\\Users\\naseeha.t\\Documents\\Tasks\\6-task-cart-commander\\frontend\\src\\components\\Products\\ProductItem.jsx": {"path":"C:\\Users\\naseeha.t\\Documents\\Tasks\\6-task-cart-commander\\frontend\\src\\components\\Products\\ProductItem.jsx","statementMap":{"0":{"start":{"line":5,"column":19},"end":{"line":5,"column":32}},"1":{"start":{"line":7,"column":27},"end":{"line":9,"column":3}},"2":{"start":{"line":8,"column":4},"end":{"line":8,"column":43}},"3":{"start":{"line":11,"column":2},"end":{"line":17,"column":4}}},"fnMap":{"0":{"name":"ProductItem","decl":{"start":{"line":4,"column":9},"end":{"line":4,"column":20}},"loc":{"start":{"line":4,"column":34},"end":{"line":18,"column":1}},"line":4},"1":{"name":"(anonymous_1)","decl":{"start":{"line":7,"column":27},"end":{"line":7,"column":28}},"loc":{"start":{"line":7,"column":33},"end":{"line":9,"column":3}},"line":7}},"branchMap":{},"s":{"0":37,"1":37,"2":6,"3":37},"f":{"0":37,"1":6},"b":{},"_coverageSchema":"1a1c01bbd47fc00a2c39e90264f33305004495a9","hash":"cd5afd9c6015c98c18e95651f053e3ac15ac14ce"}
,"C:\\Users\\naseeha.t\\Documents\\Tasks\\6-task-cart-commander\\frontend\\src\\components\\Products\\ProductList.jsx": {"path":"C:\\Users\\naseeha.t\\Documents\\Tasks\\6-task-cart-commander\\frontend\\src\\components\\Products\\ProductList.jsx","statementMap":{"0":{"start":{"line":5,"column":2},"end":{"line":11,"column":4}},"1":{"start":{"line":8,"column":8},"end":{"line":8,"column":58}}},"fnMap":{"0":{"name":"ProductList","decl":{"start":{"line":4,"column":9},"end":{"line":4,"column":20}},"loc":{"start":{"line":4,"column":23},"end":{"line":12,"column":1}},"line":4},"1":{"name":"(anonymous_1)","decl":{"start":{"line":7,"column":20},"end":{"line":7,"column":21}},"loc":{"start":{"line":8,"column":8},"end":{"line":8,"column":58}},"line":8}},"branchMap":{},"s":{"0":12,"1":36},"f":{"0":12,"1":36},"b":{},"_coverageSchema":"1a1c01bbd47fc00a2c39e90264f33305004495a9","hash":"f119c4c67846f1c477d6474e979e2f9cc5ca3c28"}
,"C:\\Users\\naseeha.t\\Documents\\Tasks\\6-task-cart-commander\\frontend\\src\\components\\Products\\productsData.js": {"path":"C:\\Users\\naseeha.t\\Documents\\Tasks\\6-task-cart-commander\\frontend\\src\\components\\Products\\productsData.js","statementMap":{"0":{"start":{"line":1,"column":17},"end":{"line":5,"column":1}}},"fnMap":{},"branchMap":{},"s":{"0":1},"f":{},"b":{},"_coverageSchema":"1a1c01bbd47fc00a2c39e90264f33305004495a9","hash":"9138a475a75d14f01cc0c6f36ba86e7a34117ea2"}
,"C:\\Users\\naseeha.t\\Documents\\Tasks\\6-task-cart-commander\\frontend\\src\\components\\UI\\Navbar.jsx": {"path":"C:\\Users\\naseeha.t\\Documents\\Tasks\\6-task-cart-commander\\frontend\\src\\components\\UI\\Navbar.jsx","statementMap":{"0":{"start":{"line":4,"column":24},"end":{"line":4,"column":70}},"1":{"start":{"line":4,"column":45},"end":{"line":4,"column":69}},"2":{"start":{"line":6,"column":2},"end":{"line":11,"column":4}}},"fnMap":{"0":{"name":"Navbar","decl":{"start":{"line":3,"column":9},"end":{"line":3,"column":15}},"loc":{"start":{"line":3,"column":18},"end":{"line":12,"column":1}},"line":3},"1":{"name":"(anonymous_1)","decl":{"start":{"line":4,"column":36},"end":{"line":4,"column":37}},"loc":{"start":{"line":4,"column":45},"end":{"line":4,"column":69}},"line":4}},"branchMap":{},"s":{"0":12,"1":44,"2":12},"f":{"0":12,"1":44},"b":{},"_coverageSchema":"1a1c01bbd47fc00a2c39e90264f33305004495a9","hash":"f46f94a93d6690492b7032870e2873f9aadd15c2"}
,"C:\\Users\\naseeha.t\\Documents\\Tasks\\6-task-cart-commander\\frontend\\src\\components\\UI\\Notification.jsx": {"path":"C:\\Users\\naseeha.t\\Documents\\Tasks\\6-task-cart-commander\\frontend\\src\\components\\UI\\Notification.jsx","statementMap":{"0":{"start":{"line":7,"column":23},"end":{"line":7,"column":68}},"1":{"start":{"line":7,"column":46},"end":{"line":7,"column":67}},"2":{"start":{"line":8,"column":19},"end":{"line":8,"column":32}},"3":{"start":{"line":10,"column":2},"end":{"line":16,"column":17}},"4":{"start":{"line":11,"column":18},"end":{"line":13,"column":12}},"5":{"start":{"line":12,"column":6},"end":{"line":12,"column":46}},"6":{"start":{"line":15,"column":4},"end":{"line":15,"column":37}},"7":{"start":{"line":15,"column":17},"end":{"line":15,"column":36}},"8":{"start":{"line":18,"column":2},"end":{"line":18,"column":33}},"9":{"start":{"line":18,"column":21},"end":{"line":18,"column":33}},"10":{"start":{"line":20,"column":14},"end":{"line":20,"column":16}},"11":{"start":{"line":22,"column":2},"end":{"line":24,"column":3}},"12":{"start":{"line":23,"column":4},"end":{"line":23,"column":30}},"13":{"start":{"line":26,"column":2},"end":{"line":28,"column":3}},"14":{"start":{"line":27,"column":4},"end":{"line":27,"column":31}},"15":{"start":{"line":30,"column":2},"end":{"line":32,"column":3}},"16":{"start":{"line":31,"column":4},"end":{"line":31,"column":29}},"17":{"start":{"line":34,"column":2},"end":{"line":38,"column":4}}},"fnMap":{"0":{"name":"Notification","decl":{"start":{"line":6,"column":9},"end":{"line":6,"column":21}},"loc":{"start":{"line":6,"column":24},"end":{"line":39,"column":1}},"line":6},"1":{"name":"(anonymous_1)","decl":{"start":{"line":7,"column":35},"end":{"line":7,"column":36}},"loc":{"start":{"line":7,"column":46},"end":{"line":7,"column":67}},"line":7},"2":{"name":"(anonymous_2)","decl":{"start":{"line":10,"column":12},"end":{"line":10,"column":13}},"loc":{"start":{"line":10,"column":18},"end":{"line":16,"column":3}},"line":10},"3":{"name":"(anonymous_3)","decl":{"start":{"line":11,"column":29},"end":{"line":11,"column":30}},"loc":{"start":{"line":11,"column":35},"end":{"line":13,"column":5}},"line":11},"4":{"name":"(anonymous_4)","decl":{"start":{"line":15,"column":11},"end":{"line":15,"column":12}},"loc":{"start":{"line":15,"column":17},"end":{"line":15,"column":36}},"line":15}},"branchMap":{"0":{"loc":{"start":{"line":18,"column":2},"end":{"line":18,"column":33}},"type":"if","locations":[{"start":{"line":18,"column":2},"end":{"line":18,"column":33}},{"start":{},"end":{}}],"line":18},"1":{"loc":{"start":{"line":22,"column":2},"end":{"line":24,"column":3}},"type":"if","locations":[{"start":{"line":22,"column":2},"end":{"line":24,"column":3}},{"start":{},"end":{}}],"line":22},"2":{"loc":{"start":{"line":26,"column":2},"end":{"line":28,"column":3}},"type":"if","locations":[{"start":{"line":26,"column":2},"end":{"line":28,"column":3}},{"start":{},"end":{}}],"line":26},"3":{"loc":{"start":{"line":30,"column":2},"end":{"line":32,"column":3}},"type":"if","locations":[{"start":{"line":30,"column":2},"end":{"line":32,"column":3}},{"start":{},"end":{}}],"line":30}},"s":{"0":33,"1":66,"2":33,"3":33,"4":5,"5":0,"6":5,"7":5,"8":33,"9":4,"10":29,"11":29,"12":8,"13":29,"14":1,"15":29,"16":20,"17":29},"f":{"0":33,"1":66,"2":5,"3":0,"4":5},"b":{"0":[4,29],"1":[8,21],"2":[1,28],"3":[20,9]},"_coverageSchema":"1a1c01bbd47fc00a2c39e90264f33305004495a9","hash":"8c478b436d8f981e2f82737d7f326c497576f2e8"}
,"C:\\Users\\naseeha.t\\Documents\\Tasks\\6-task-cart-commander\\frontend\\src\\features\\cart\\cartSlice.js": {"path":"C:\\Users\\naseeha.t\\Documents\\Tasks\\6-task-cart-commander\\frontend\\src\\features\\cart\\cartSlice.js","statementMap":{"0":{"start":{"line":3,"column":21},"end":{"line":8,"column":1}},"1":{"start":{"line":10,"column":18},"end":{"line":83,"column":2}},"2":{"start":{"line":15,"column":22},"end":{"line":15,"column":36}},"3":{"start":{"line":16,"column":27},"end":{"line":18,"column":7}},"4":{"start":{"line":17,"column":16},"end":{"line":17,"column":38}},"5":{"start":{"line":20,"column":6},"end":{"line":20,"column":28}},"6":{"start":{"line":22,"column":6},"end":{"line":33,"column":7}},"7":{"start":{"line":23,"column":8},"end":{"line":29,"column":11}},"8":{"start":{"line":31,"column":8},"end":{"line":31,"column":32}},"9":{"start":{"line":32,"column":8},"end":{"line":32,"column":49}},"10":{"start":{"line":35,"column":6},"end":{"line":35,"column":40}},"11":{"start":{"line":36,"column":6},"end":{"line":36,"column":27}},"12":{"start":{"line":40,"column":17},"end":{"line":40,"column":31}},"13":{"start":{"line":41,"column":27},"end":{"line":41,"column":67}},"14":{"start":{"line":41,"column":52},"end":{"line":41,"column":66}},"15":{"start":{"line":43,"column":6},"end":{"line":43,"column":32}},"16":{"start":{"line":43,"column":25},"end":{"line":43,"column":32}},"17":{"start":{"line":45,"column":6},"end":{"line":45,"column":28}},"18":{"start":{"line":47,"column":6},"end":{"line":52,"column":7}},"19":{"start":{"line":48,"column":8},"end":{"line":48,"column":65}},"20":{"start":{"line":48,"column":49},"end":{"line":48,"column":63}},"21":{"start":{"line":50,"column":8},"end":{"line":50,"column":32}},"22":{"start":{"line":51,"column":8},"end":{"line":51,"column":54}},"23":{"start":{"line":54,"column":6},"end":{"line":54,"column":45}},"24":{"start":{"line":55,"column":6},"end":{"line":55,"column":27}},"25":{"start":{"line":59,"column":17},"end":{"line":59,"column":31}},"26":{"start":{"line":60,"column":27},"end":{"line":60,"column":67}},"27":{"start":{"line":60,"column":52},"end":{"line":60,"column":66}},"28":{"start":{"line":62,"column":6},"end":{"line":62,"column":32}},"29":{"start":{"line":62,"column":25},"end":{"line":62,"column":32}},"30":{"start":{"line":64,"column":6},"end":{"line":64,"column":51}},"31":{"start":{"line":65,"column":6},"end":{"line":65,"column":50}},"32":{"start":{"line":67,"column":6},"end":{"line":67,"column":63}},"33":{"start":{"line":67,"column":47},"end":{"line":67,"column":61}},"34":{"start":{"line":68,"column":6},"end":{"line":68,"column":27}},"35":{"start":{"line":72,"column":6},"end":{"line":72,"column":47}},"36":{"start":{"line":73,"column":6},"end":{"line":73,"column":62}},"37":{"start":{"line":75,"column":6},"end":{"line":78,"column":8}},"38":{"start":{"line":76,"column":23},"end":{"line":76,"column":44}},"39":{"start":{"line":80,"column":6},"end":{"line":80,"column":28}},"40":{"start":{"line":85,"column":27},"end":{"line":85,"column":44}}},"fnMap":{"0":{"name":"(anonymous_0)","decl":{"start":{"line":14,"column":4},"end":{"line":14,"column":5}},"loc":{"start":{"line":14,"column":27},"end":{"line":37,"column":5}},"line":14},"1":{"name":"(anonymous_1)","decl":{"start":{"line":17,"column":8},"end":{"line":17,"column":9}},"loc":{"start":{"line":17,"column":16},"end":{"line":17,"column":38}},"line":17},"2":{"name":"(anonymous_2)","decl":{"start":{"line":39,"column":4},"end":{"line":39,"column":5}},"loc":{"start":{"line":39,"column":30},"end":{"line":56,"column":5}},"line":39},"3":{"name":"(anonymous_3)","decl":{"start":{"line":41,"column":44},"end":{"line":41,"column":45}},"loc":{"start":{"line":41,"column":52},"end":{"line":41,"column":66}},"line":41},"4":{"name":"(anonymous_4)","decl":{"start":{"line":48,"column":41},"end":{"line":48,"column":42}},"loc":{"start":{"line":48,"column":49},"end":{"line":48,"column":63}},"line":48},"5":{"name":"(anonymous_5)","decl":{"start":{"line":58,"column":4},"end":{"line":58,"column":5}},"loc":{"start":{"line":58,"column":30},"end":{"line":69,"column":5}},"line":58},"6":{"name":"(anonymous_6)","decl":{"start":{"line":60,"column":44},"end":{"line":60,"column":45}},"loc":{"start":{"line":60,"column":52},"end":{"line":60,"column":66}},"line":60},"7":{"name":"(anonymous_7)","decl":{"start":{"line":67,"column":39},"end":{"line":67,"column":40}},"loc":{"start":{"line":67,"column":47},"end":{"line":67,"column":61}},"line":67},"8":{"name":"(anonymous_8)","decl":{"start":{"line":71,"column":4},"end":{"line":71,"column":5}},"loc":{"start":{"line":71,"column":31},"end":{"line":81,"column":5}},"line":71},"9":{"name":"(anonymous_9)","decl":{"start":{"line":76,"column":8},"end":{"line":76,"column":9}},"loc":{"start":{"line":76,"column":23},"end":{"line":76,"column":44}},"line":76}},"branchMap":{"0":{"loc":{"start":{"line":22,"column":6},"end":{"line":33,"column":7}},"type":"if","locations":[{"start":{"line":22,"column":6},"end":{"line":33,"column":7}},{"start":{"line":30,"column":13},"end":{"line":33,"column":7}}],"line":22},"1":{"loc":{"start":{"line":43,"column":6},"end":{"line":43,"column":32}},"type":"if","locations":[{"start":{"line":43,"column":6},"end":{"line":43,"column":32}},{"start":{},"end":{}}],"line":43},"2":{"loc":{"start":{"line":47,"column":6},"end":{"line":52,"column":7}},"type":"if","locations":[{"start":{"line":47,"column":6},"end":{"line":52,"column":7}},{"start":{"line":49,"column":13},"end":{"line":52,"column":7}}],"line":47},"3":{"loc":{"start":{"line":62,"column":6},"end":{"line":62,"column":32}},"type":"if","locations":[{"start":{"line":62,"column":6},"end":{"line":62,"column":32}},{"start":{},"end":{}}],"line":62},"4":{"loc":{"start":{"line":72,"column":20},"end":{"line":72,"column":46}},"type":"binary-expr","locations":[{"start":{"line":72,"column":20},"end":{"line":72,"column":40}},{"start":{"line":72,"column":44},"end":{"line":72,"column":46}}],"line":72},"5":{"loc":{"start":{"line":73,"column":28},"end":{"line":73,"column":61}},"type":"binary-expr","locations":[{"start":{"line":73,"column":28},"end":{"line":73,"column":56}},{"start":{"line":73,"column":60},"end":{"line":73,"column":61}}],"line":73}},"s":{"0":5,"1":5,"2":8,"3":8,"4":2,"5":8,"6":8,"7":6,"8":2,"9":2,"10":8,"11":8,"12":3,"13":3,"14":3,"15":3,"16":0,"17":3,"18":3,"19":1,"20":1,"21":2,"22":2,"23":3,"24":3,"25":0,"26":0,"27":0,"28":0,"29":0,"30":0,"31":0,"32":0,"33":0,"34":0,"35":0,"36":0,"37":0,"38":0,"39":0,"40":5},"f":{"0":8,"1":2,"2":3,"3":3,"4":1,"5":0,"6":0,"7":0,"8":0,"9":0},"b":{"0":[6,2],"1":[0,3],"2":[1,2],"3":[0,0],"4":[0,0],"5":[0,0]},"_coverageSchema":"1a1c01bbd47fc00a2c39e90264f33305004495a9","hash":"f22584995a0962507bbc54d69666ed36908ce14c"}
,"C:\\Users\\naseeha.t\\Documents\\Tasks\\6-task-cart-commander\\frontend\\src\\features\\cart\\cartThunks.js": {"path":"C:\\Users\\naseeha.t\\Documents\\Tasks\\6-task-cart-commander\\frontend\\src\\features\\cart\\cartThunks.js","statementMap":{"0":{"start":{"line":5,"column":16},"end":{"line":5,"column":39}},"1":{"start":{"line":8,"column":29},"end":{"line":39,"column":1}},"2":{"start":{"line":9,"column":2},"end":{"line":38,"column":4}},"3":{"start":{"line":10,"column":22},"end":{"line":18,"column":5}},"4":{"start":{"line":11,"column":23},"end":{"line":11,"column":53}},"5":{"start":{"line":13,"column":6},"end":{"line":15,"column":7}},"6":{"start":{"line":14,"column":8},"end":{"line":14,"column":48}},"7":{"start":{"line":17,"column":6},"end":{"line":17,"column":29}},"8":{"start":{"line":20,"column":4},"end":{"line":37,"column":5}},"9":{"start":{"line":21,"column":19},"end":{"line":21,"column":36}},"10":{"start":{"line":23,"column":6},"end":{"line":28,"column":8}},"11":{"start":{"line":31,"column":6},"end":{"line":36,"column":8}},"12":{"start":{"line":41,"column":28},"end":{"line":87,"column":1}},"13":{"start":{"line":42,"column":2},"end":{"line":86,"column":4}},"14":{"start":{"line":44,"column":4},"end":{"line":49,"column":6}},"15":{"start":{"line":51,"column":24},"end":{"line":66,"column":5}},"16":{"start":{"line":52,"column":23},"end":{"line":61,"column":8}},"17":{"start":{"line":63,"column":6},"end":{"line":65,"column":7}},"18":{"start":{"line":64,"column":8},"end":{"line":64,"column":47}},"19":{"start":{"line":68,"column":4},"end":{"line":85,"column":5}},"20":{"start":{"line":69,"column":6},"end":{"line":69,"column":26}},"21":{"start":{"line":71,"column":6},"end":{"line":76,"column":8}},"22":{"start":{"line":79,"column":6},"end":{"line":84,"column":8}}},"fnMap":{"0":{"name":"(anonymous_0)","decl":{"start":{"line":8,"column":29},"end":{"line":8,"column":30}},"loc":{"start":{"line":8,"column":35},"end":{"line":39,"column":1}},"line":8},"1":{"name":"(anonymous_1)","decl":{"start":{"line":9,"column":9},"end":{"line":9,"column":10}},"loc":{"start":{"line":9,"column":29},"end":{"line":38,"column":3}},"line":9},"2":{"name":"(anonymous_2)","decl":{"start":{"line":10,"column":22},"end":{"line":10,"column":23}},"loc":{"start":{"line":10,"column":34},"end":{"line":18,"column":5}},"line":10},"3":{"name":"(anonymous_3)","decl":{"start":{"line":41,"column":28},"end":{"line":41,"column":29}},"loc":{"start":{"line":41,"column":38},"end":{"line":87,"column":1}},"line":41},"4":{"name":"(anonymous_4)","decl":{"start":{"line":42,"column":9},"end":{"line":42,"column":10}},"loc":{"start":{"line":42,"column":29},"end":{"line":86,"column":3}},"line":42},"5":{"name":"(anonymous_5)","decl":{"start":{"line":51,"column":24},"end":{"line":51,"column":25}},"loc":{"start":{"line":51,"column":36},"end":{"line":66,"column":5}},"line":51}},"branchMap":{"0":{"loc":{"start":{"line":13,"column":6},"end":{"line":15,"column":7}},"type":"if","locations":[{"start":{"line":13,"column":6},"end":{"line":15,"column":7}},{"start":{},"end":{}}],"line":13},"1":{"loc":{"start":{"line":25,"column":17},"end":{"line":25,"column":33}},"type":"binary-expr","locations":[{"start":{"line":25,"column":17},"end":{"line":25,"column":27}},{"start":{"line":25,"column":31},"end":{"line":25,"column":33}}],"line":25},"2":{"loc":{"start":{"line":26,"column":25},"end":{"line":26,"column":48}},"type":"binary-expr","locations":[{"start":{"line":26,"column":25},"end":{"line":26,"column":43}},{"start":{"line":26,"column":47},"end":{"line":26,"column":48}}],"line":26},"3":{"loc":{"start":{"line":63,"column":6},"end":{"line":65,"column":7}},"type":"if","locations":[{"start":{"line":63,"column":6},"end":{"line":65,"column":7}},{"start":{},"end":{}}],"line":63}},"s":{"0":2,"1":2,"2":4,"3":4,"4":4,"5":0,"6":0,"7":0,"8":4,"9":4,"10":0,"11":4,"12":2,"13":10,"14":10,"15":10,"16":10,"17":1,"18":0,"19":10,"20":10,"21":1,"22":9},"f":{"0":4,"1":4,"2":4,"3":10,"4":10,"5":10},"b":{"0":[0,0],"1":[0,0],"2":[0,0],"3":[0,1]},"_coverageSchema":"1a1c01bbd47fc00a2c39e90264f33305004495a9","hash":"6b1f47664c7bf37f1f3883bf82c4b1ce72ee69fc"}
,"C:\\Users\\naseeha.t\\Documents\\Tasks\\6-task-cart-commander\\frontend\\src\\features\\ui\\uiSlice.js": {"path":"C:\\Users\\naseeha.t\\Documents\\Tasks\\6-task-cart-commander\\frontend\\src\\features\\ui\\uiSlice.js","statementMap":{"0":{"start":{"line":3,"column":21},"end":{"line":5,"column":1}},"1":{"start":{"line":7,"column":16},"end":{"line":22,"column":2}},"2":{"start":{"line":12,"column":6},"end":{"line":15,"column":8}},"3":{"start":{"line":19,"column":6},"end":{"line":19,"column":32}},"4":{"start":{"line":24,"column":25},"end":{"line":24,"column":40}}},"fnMap":{"0":{"name":"(anonymous_0)","decl":{"start":{"line":11,"column":4},"end":{"line":11,"column":5}},"loc":{"start":{"line":11,"column":36},"end":{"line":16,"column":5}},"line":11},"1":{"name":"(anonymous_1)","decl":{"start":{"line":18,"column":4},"end":{"line":18,"column":5}},"loc":{"start":{"line":18,"column":29},"end":{"line":20,"column":5}},"line":18}},"branchMap":{},"s":{"0":5,"1":5,"2":22,"3":1,"4":5},"f":{"0":22,"1":1},"b":{},"_coverageSchema":"1a1c01bbd47fc00a2c39e90264f33305004495a9","hash":"a027f8f102d34e013d212cee0e38e55300d52733"}
}
