TN:
SF:src\App.jsx
FN:11,App
FN:13,(anonymous_1)
FN:18,(anonymous_2)
FN:23,(anonymous_3)
FNF:4
FNH:4
FNDA:12,App
FNDA:44,(anonymous_1)
FNDA:4,(anonymous_2)
FNDA:12,(anonymous_3)
DA:12,12
DA:13,44
DA:15,12
DA:18,12
DA:19,4
DA:23,12
DA:24,12
DA:25,4
DA:26,4
DA:29,8
DA:30,8
DA:35,12
LF:12
LH:12
BRDA:24,0,0,4
BRDA:24,0,1,8
BRDA:29,1,0,8
BRDA:29,1,1,0
BRF:4
BRH:3
end_of_record
TN:
SF:src\app\store.js
FNF:0
FNH:0
DA:5,2
LF:1
LH:1
BRF:0
BRH:0
end_of_record
TN:
SF:src\components\Cart\Cart.jsx
FN:4,Cart
FN:5,(anonymous_1)
FN:6,(anonymous_2)
FN:12,(anonymous_3)
FNF:4
FNH:4
FNDA:12,Cart
FNDA:44,(anonymous_1)
FNDA:44,(anonymous_2)
FNDA:7,(anonymous_3)
DA:5,44
DA:6,44
DA:8,12
DA:13,7
LF:4
LH:4
BRF:0
BRH:0
end_of_record
TN:
SF:src\components\Cart\CartItem.jsx
FN:4,CartItem
FN:13,(anonymous_1)
FN:14,(anonymous_2)
FN:15,(anonymous_3)
FNF:4
FNH:3
FNDA:7,CartItem
FNDA:1,(anonymous_1)
FNDA:2,(anonymous_2)
FNDA:0,(anonymous_3)
DA:5,7
DA:7,7
DA:13,1
DA:14,2
DA:15,0
LF:5
LH:4
BRF:0
BRH:0
end_of_record
TN:
SF:src\components\Products\ProductItem.jsx
FN:4,ProductItem
FN:7,(anonymous_1)
FNF:2
FNH:2
FNDA:37,ProductItem
FNDA:6,(anonymous_1)
DA:5,37
DA:7,37
DA:8,6
DA:11,37
LF:4
LH:4
BRF:0
BRH:0
end_of_record
TN:
SF:src\components\Products\ProductList.jsx
FN:4,ProductList
FN:7,(anonymous_1)
FNF:2
FNH:2
FNDA:12,ProductList
FNDA:36,(anonymous_1)
DA:5,12
DA:8,36
LF:2
LH:2
BRF:0
BRH:0
end_of_record
TN:
SF:src\components\Products\productsData.js
FNF:0
FNH:0
DA:1,1
LF:1
LH:1
BRF:0
BRH:0
end_of_record
TN:
SF:src\components\UI\Navbar.jsx
FN:3,Navbar
FN:4,(anonymous_1)
FNF:2
FNH:2
FNDA:12,Navbar
FNDA:44,(anonymous_1)
DA:4,44
DA:6,12
LF:2
LH:2
BRF:0
BRH:0
end_of_record
TN:
SF:src\components\UI\Notification.jsx
FN:6,Notification
FN:7,(anonymous_1)
FN:10,(anonymous_2)
FN:11,(anonymous_3)
FN:15,(anonymous_4)
FNF:5
FNH:4
FNDA:33,Notification
FNDA:66,(anonymous_1)
FNDA:5,(anonymous_2)
FNDA:0,(anonymous_3)
FNDA:5,(anonymous_4)
DA:7,66
DA:8,33
DA:10,33
DA:11,5
DA:12,0
DA:15,5
DA:18,33
DA:20,29
DA:22,29
DA:23,8
DA:26,29
DA:27,1
DA:30,29
DA:31,20
DA:34,29
LF:15
LH:14
BRDA:18,0,0,4
BRDA:18,0,1,29
BRDA:22,1,0,8
BRDA:22,1,1,21
BRDA:26,2,0,1
BRDA:26,2,1,28
BRDA:30,3,0,20
BRDA:30,3,1,9
BRF:8
BRH:8
end_of_record
TN:
SF:src\features\cart\cartSlice.js
FN:14,(anonymous_0)
FN:17,(anonymous_1)
FN:39,(anonymous_2)
FN:41,(anonymous_3)
FN:48,(anonymous_4)
FN:58,(anonymous_5)
FN:60,(anonymous_6)
FN:67,(anonymous_7)
FN:71,(anonymous_8)
FN:76,(anonymous_9)
FNF:10
FNH:5
FNDA:8,(anonymous_0)
FNDA:2,(anonymous_1)
FNDA:3,(anonymous_2)
FNDA:3,(anonymous_3)
FNDA:1,(anonymous_4)
FNDA:0,(anonymous_5)
FNDA:0,(anonymous_6)
FNDA:0,(anonymous_7)
FNDA:0,(anonymous_8)
FNDA:0,(anonymous_9)
DA:3,5
DA:10,5
DA:15,8
DA:16,8
DA:17,2
DA:20,8
DA:22,8
DA:23,6
DA:31,2
DA:32,2
DA:35,8
DA:36,8
DA:40,3
DA:41,3
DA:43,3
DA:45,3
DA:47,3
DA:48,1
DA:50,2
DA:51,2
DA:54,3
DA:55,3
DA:59,0
DA:60,0
DA:62,0
DA:64,0
DA:65,0
DA:67,0
DA:68,0
DA:72,0
DA:73,0
DA:75,0
DA:76,0
DA:80,0
DA:85,5
LF:35
LH:23
BRDA:22,0,0,6
BRDA:22,0,1,2
BRDA:43,1,0,0
BRDA:43,1,1,3
BRDA:47,2,0,1
BRDA:47,2,1,2
BRDA:62,3,0,0
BRDA:62,3,1,0
BRDA:72,4,0,0
BRDA:72,4,1,0
BRDA:73,5,0,0
BRDA:73,5,1,0
BRF:12
BRH:5
end_of_record
TN:
SF:src\features\cart\cartThunks.js
FN:8,(anonymous_0)
FN:9,(anonymous_1)
FN:10,(anonymous_2)
FN:41,(anonymous_3)
FN:42,(anonymous_4)
FN:51,(anonymous_5)
FNF:6
FNH:6
FNDA:4,(anonymous_0)
FNDA:4,(anonymous_1)
FNDA:4,(anonymous_2)
FNDA:10,(anonymous_3)
FNDA:10,(anonymous_4)
FNDA:10,(anonymous_5)
DA:5,2
DA:8,2
DA:9,4
DA:10,4
DA:11,4
DA:13,0
DA:14,0
DA:17,0
DA:20,4
DA:21,4
DA:23,0
DA:31,4
DA:41,2
DA:42,10
DA:44,10
DA:51,10
DA:52,10
DA:63,1
DA:64,0
DA:68,10
DA:69,10
DA:71,1
DA:79,9
LF:23
LH:18
BRDA:13,0,0,0
BRDA:13,0,1,0
BRDA:25,1,0,0
BRDA:25,1,1,0
BRDA:26,2,0,0
BRDA:26,2,1,0
BRDA:63,3,0,0
BRDA:63,3,1,1
BRF:8
BRH:1
end_of_record
TN:
SF:src\features\ui\uiSlice.js
FN:11,(anonymous_0)
FN:18,(anonymous_1)
FNF:2
FNH:2
FNDA:22,(anonymous_0)
FNDA:1,(anonymous_1)
DA:3,5
DA:7,5
DA:12,22
DA:19,1
DA:24,5
LF:5
LH:5
BRF:0
BRH:0
end_of_record
